Release 14.7 - xst P.20131013 (lin64)
Copyright (c) 1995-2013 Xilinx, Inc.  All rights reserved.
--> 
Parameter TMPDIR set to xst/projnav.tmp


Total REAL time to Xst completion: 0.00 secs
Total CPU time to Xst completion: 0.05 secs
 
--> 
Parameter xsthdpdir set to xst


Total REAL time to Xst completion: 0.00 secs
Total CPU time to Xst completion: 0.05 secs
 
--> 
Reading design: DeltaSigma_DAC.prj

TABLE OF CONTENTS
  1) Synthesis Options Summary
  2) HDL Parsing
  3) HDL Elaboration
  4) HDL Synthesis
       4.1) HDL Synthesis Report
  5) Advanced HDL Synthesis
       5.1) Advanced HDL Synthesis Report
  6) Low Level Synthesis
  7) Partition Report
  8) Design Summary
       8.1) Primitive and Black Box Usage
       8.2) Device utilization summary
       8.3) Partition Resource Summary
       8.4) Timing Report
            8.4.1) Clock Information
            8.4.2) Asynchronous Control Signals Information
            8.4.3) Timing Summary
            8.4.4) Timing Details
            8.4.5) Cross Clock Domains Report


=========================================================================
*                      Synthesis Options Summary                        *
=========================================================================
---- Source Parameters
Input File Name                    : "DeltaSigma_DAC.prj"
Ignore Synthesis Constraint File   : NO

---- Target Parameters
Output File Name                   : "DeltaSigma_DAC"
Output Format                      : NGC
Target Device                      : xc6slx9-2-tqg144

---- Source Options
Top Module Name                    : DeltaSigma_DAC
Automatic FSM Extraction           : YES
FSM Encoding Algorithm             : Auto
Safe Implementation                : No
FSM Style                          : LUT
RAM Extraction                     : Yes
RAM Style                          : Auto
ROM Extraction                     : Yes
Shift Register Extraction          : YES
ROM Style                          : Auto
Resource Sharing                   : YES
Asynchronous To Synchronous        : NO
Shift Register Minimum Size        : 2
Use DSP Block                      : Auto
Automatic Register Balancing       : No

---- Target Options
LUT Combining                      : Auto
Reduce Control Sets                : Auto
Add IO Buffers                     : YES
Global Maximum Fanout              : 100000
Add Generic Clock Buffer(BUFG)     : 16
Register Duplication               : YES
Optimize Instantiated Primitives   : NO
Use Clock Enable                   : Auto
Use Synchronous Set                : Auto
Use Synchronous Reset              : Auto
Pack IO Registers into IOBs        : Auto
Equivalent register Removal        : YES

---- General Options
Optimization Goal                  : Speed
Optimization Effort                : 1
Power Reduction                    : NO
Keep Hierarchy                     : No
Netlist Hierarchy                  : As_Optimized
RTL Output                         : Yes
Global Optimization                : AllClockNets
Read Cores                         : YES
Write Timing Constraints           : NO
Cross Clock Analysis               : NO
Hierarchy Separator                : /
Bus Delimiter                      : <>
Case Specifier                     : Maintain
Slice Utilization Ratio            : 100
BRAM Utilization Ratio             : 100
DSP48 Utilization Ratio            : 100
Auto BRAM Packing                  : NO
Slice Utilization Ratio Delta      : 5

=========================================================================


=========================================================================
*                          HDL Parsing                                  *
=========================================================================
Parsing VHDL file "/home/fred/git/EECE151/Lab7/DeltaSigma_DAC.vhd" into library work
Parsing entity <DeltaSigma_DAC>.
Parsing architecture <Behavioral> of entity <deltasigma_dac>.

=========================================================================
*                            HDL Elaboration                            *
=========================================================================

Elaborating entity <DeltaSigma_DAC> (architecture <Behavioral>) with generics from library <work>.

=========================================================================
*                           HDL Synthesis                               *
=========================================================================

Synthesizing Unit <DeltaSigma_DAC>.
    Related source file is "/home/fred/git/EECE151/Lab7/DeltaSigma_DAC.vhd".
        MSB = 9
    Found 1-bit register for signal <DAC_output>.
    Found 10-bit register for signal <Sigma_Reg>.
    Found 10-bit adder for signal <Delta_Adder> created at line 33.
    Found 10-bit adder for signal <Sigma_Adder> created at line 34.
    Summary:
	inferred   2 Adder/Subtractor(s).
	inferred  11 D-type flip-flop(s).
Unit <DeltaSigma_DAC> synthesized.

=========================================================================
HDL Synthesis Report

Macro Statistics
# Adders/Subtractors                                   : 2
 10-bit adder                                          : 2
# Registers                                            : 2
 1-bit register                                        : 1
 10-bit register                                       : 1

=========================================================================

=========================================================================
*                       Advanced HDL Synthesis                          *
=========================================================================


=========================================================================
Advanced HDL Synthesis Report

Macro Statistics
# Adders/Subtractors                                   : 2
 10-bit adder                                          : 2
# Registers                                            : 11
 Flip-Flops                                            : 11

=========================================================================

=========================================================================
*                         Low Level Synthesis                           *
=========================================================================
WARNING:Xst:3002 - This design contains one or more registers/latches that are directly
   incompatible with the Spartan6 architecture. The two primary causes of this is
   either a register or latch described with both an asynchronous set and
   asynchronous reset, or a register or latch described with an asynchronous
   set or reset which however has an initialization value of the opposite 
   polarity (i.e. asynchronous reset with an initialization value of 1).
    While this circuit can be built, it creates a sub-optimal implementation
   in terms of area, power and performance. For a more optimal implementation
   Xilinx highly recommends one of the following:

          1) Remove either the set or reset from all registers and latches
             if not needed for required functionality
          2) Modify the code in order to produce a synchronous set
             and/or reset (both is preferred)
          3) Ensure all registers have the same initialization value as the
             described asynchronous set or reset polarity
          4) Use the -async_to_sync option to transform the asynchronous
             set/reset to synchronous operation
             (timing simulation highly recommended when using this option)

  Please refer to http://www.xilinx.com search string "Spartan6 asynchronous set/reset" for more details.

  List of register instances with asynchronous set or reset and opposite initialization value:
    Sigma_Reg_9 in unit <DeltaSigma_DAC>


Optimizing unit <DeltaSigma_DAC> ...

Mapping all equations...
Building and optimizing final netlist ...
Found area constraint ratio of 100 (+ 5) on block DeltaSigma_DAC, actual ratio is 0.
WARNING:Xst:1426 - The value init of the FF/Latch Sigma_Reg_9_LD hinder the constant cleaning in the block DeltaSigma_DAC.
   You should achieve better results by setting this init to 0.

Final Macro Processing ...

=========================================================================
Final Register Report

Macro Statistics
# Registers                                            : 12
 Flip-Flops                                            : 12

=========================================================================

=========================================================================
*                           Partition Report                            *
=========================================================================

Partition Implementation Status
-------------------------------

  No Partitions were found in this design.

-------------------------------

=========================================================================
*                            Design Summary                             *
=========================================================================

Top Level Output File Name         : DeltaSigma_DAC.ngc

Primitive and Black Box Usage:
------------------------------
# BELS                             : 40
#      GND                         : 1
#      LUT2                        : 9
#      LUT3                        : 10
#      LUT4                        : 1
#      MUXCY                       : 9
#      XORCY                       : 10
# FlipFlops/Latches                : 13
#      FD                          : 1
#      FDC                         : 11
#      LD                          : 1
# Clock Buffers                    : 2
#      BUFG                        : 1
#      BUFGP                       : 1
# IO Buffers                       : 12
#      IBUF                        : 11
#      OBUF                        : 1

Device utilization summary:
---------------------------

Selected Device : 6slx9tqg144-2 


Slice Logic Utilization: 
 Number of Slice Registers:              13  out of  11440     0%  
 Number of Slice LUTs:                   20  out of   5720     0%  
    Number used as Logic:                20  out of   5720     0%  

Slice Logic Distribution: 
 Number of LUT Flip Flop pairs used:     22
   Number with an unused Flip Flop:       9  out of     22    40%  
   Number with an unused LUT:             2  out of     22     9%  
   Number of fully used LUT-FF pairs:    11  out of     22    50%  
   Number of unique control sets:         3

IO Utilization: 
 Number of IOs:                          13
 Number of bonded IOBs:                  13  out of    102    12%  

Specific Feature Utilization:
 Number of BUFG/BUFGCTRLs:                2  out of     16    12%  

---------------------------
Partition Resource Summary:
---------------------------

  No Partitions were found in this design.

---------------------------


=========================================================================
Timing Report

NOTE: THESE TIMING NUMBERS ARE ONLY A SYNTHESIS ESTIMATE.
      FOR ACCURATE TIMING INFORMATION PLEASE REFER TO THE TRACE REPORT
      GENERATED AFTER PLACE-and-ROUTE.

Clock Information:
------------------
-----------------------------------+------------------------+-------+
Clock Signal                       | Clock buffer(FF name)  | Load  |
-----------------------------------+------------------------+-------+
clk                                | BUFGP                  | 12    |
DAC_reset                          | IBUF+BUFG              | 1     |
-----------------------------------+------------------------+-------+

Asynchronous Control Signals Information:
----------------------------------------
No asynchronous control signals found in this design

Timing Summary:
---------------
Speed Grade: -2

   Minimum period: 3.953ns (Maximum Frequency: 252.972MHz)
   Minimum input arrival time before clock: 4.006ns
   Maximum output required time after clock: 4.118ns
   Maximum combinational path delay: No path found

Timing Details:
---------------
All values displayed in nanoseconds (ns)

=========================================================================
Timing constraint: Default period analysis for Clock 'clk'
  Clock period: 3.953ns (frequency: 252.972MHz)
  Total number of paths / destination ports: 173 / 12
-------------------------------------------------------------------------
Delay:               3.953ns (Levels of Logic = 4)
  Source:            Sigma_Reg_9_P_9 (FF)
  Destination:       Sigma_Reg_9_C_9 (FF)
  Source Clock:      clk rising
  Destination Clock: clk rising

  Data Path: Sigma_Reg_9_P_9 to Sigma_Reg_9_C_9
                                Gate     Net
    Cell:in->out      fanout   Delay   Delay  Logical Name (Net Name)
    ----------------------------------------  ------------
     FD:C->Q               1   0.525   0.790  Sigma_Reg_9_P_9 (Sigma_Reg_9_P_9)
     LUT3:I1->O            3   0.250   0.994  Sigma_Reg_91 (Sigma_Reg_9)
     LUT3:I0->O            1   0.235   0.682  Madd_Sigma_Adder8 (Madd_Sigma_Adder8)
     LUT2:I1->O            0   0.254   0.000  Madd_Sigma_Adder_lut<0>9 (Madd_Sigma_Adder_lut<0>9)
     XORCY:LI->O           2   0.149   0.000  Madd_Sigma_Adder_xor<0>_8 (Sigma_Adder<9>)
     FDC:D                     0.074          Sigma_Reg_9_C_9
    ----------------------------------------
    Total                      3.953ns (1.487ns logic, 2.466ns route)
                                       (37.6% logic, 62.4% route)

=========================================================================
Timing constraint: Default OFFSET IN BEFORE for Clock 'clk'
  Total number of paths / destination ports: 174 / 22
-------------------------------------------------------------------------
Offset:              4.006ns (Levels of Logic = 12)
  Source:            DAC_input<0> (PAD)
  Destination:       Sigma_Reg_9_C_9 (FF)
  Destination Clock: clk rising

  Data Path: DAC_input<0> to Sigma_Reg_9_C_9
                                Gate     Net
    Cell:in->out      fanout   Delay   Delay  Logical Name (Net Name)
    ----------------------------------------  ------------
     IBUF:I->O             2   1.328   0.834  DAC_input_0_IBUF (DAC_input_0_IBUF)
     LUT2:I0->O            1   0.250   0.682  Madd_Sigma_Adder (Madd_Sigma_Adder)
     LUT3:I2->O            1   0.254   0.000  Madd_Sigma_Adder_lut<0>1 (Madd_Sigma_Adder_lut<0>1)
     MUXCY:S->O            1   0.215   0.000  Madd_Sigma_Adder_cy<0>_0 (Madd_Sigma_Adder_cy<0>1)
     MUXCY:CI->O           1   0.023   0.000  Madd_Sigma_Adder_cy<0>_1 (Madd_Sigma_Adder_cy<0>2)
     MUXCY:CI->O           1   0.023   0.000  Madd_Sigma_Adder_cy<0>_2 (Madd_Sigma_Adder_cy<0>3)
     MUXCY:CI->O           1   0.023   0.000  Madd_Sigma_Adder_cy<0>_3 (Madd_Sigma_Adder_cy<0>4)
     MUXCY:CI->O           1   0.023   0.000  Madd_Sigma_Adder_cy<0>_4 (Madd_Sigma_Adder_cy<0>5)
     MUXCY:CI->O           1   0.023   0.000  Madd_Sigma_Adder_cy<0>_5 (Madd_Sigma_Adder_cy<0>6)
     MUXCY:CI->O           1   0.023   0.000  Madd_Sigma_Adder_cy<0>_6 (Madd_Sigma_Adder_cy<0>7)
     MUXCY:CI->O           0   0.023   0.000  Madd_Sigma_Adder_cy<0>_7 (Madd_Sigma_Adder_cy<0>8)
     XORCY:CI->O           2   0.206   0.000  Madd_Sigma_Adder_xor<0>_8 (Sigma_Adder<9>)
     FDC:D                     0.074          Sigma_Reg_9_C_9
    ----------------------------------------
    Total                      4.006ns (2.490ns logic, 1.516ns route)
                                       (62.2% logic, 37.8% route)

=========================================================================
Timing constraint: Default OFFSET OUT AFTER for Clock 'clk'
  Total number of paths / destination ports: 1 / 1
-------------------------------------------------------------------------
Offset:              4.118ns (Levels of Logic = 1)
  Source:            DAC_output (FF)
  Destination:       DAC_output (PAD)
  Source Clock:      clk rising

  Data Path: DAC_output to DAC_output
                                Gate     Net
    Cell:in->out      fanout   Delay   Delay  Logical Name (Net Name)
    ----------------------------------------  ------------
     FDC:C->Q              1   0.525   0.681  DAC_output (DAC_output_OBUF)
     OBUF:I->O                 2.912          DAC_output_OBUF (DAC_output)
    ----------------------------------------
    Total                      4.118ns (3.437ns logic, 0.681ns route)
                                       (83.5% logic, 16.5% route)

=========================================================================

Cross Clock Domains Report:
--------------------------

Clock to Setup on destination clock clk
---------------+---------+---------+---------+---------+
               | Src:Rise| Src:Fall| Src:Rise| Src:Fall|
Source Clock   |Dest:Rise|Dest:Rise|Dest:Fall|Dest:Fall|
---------------+---------+---------+---------+---------+
DAC_reset      |         |    4.114|         |         |
clk            |    3.953|         |         |         |
---------------+---------+---------+---------+---------+

=========================================================================


Total REAL time to Xst completion: 4.00 secs
Total CPU time to Xst completion: 4.07 secs
 
--> 


Total memory usage is 397576 kilobytes

Number of errors   :    0 (   0 filtered)
Number of warnings :    2 (   0 filtered)
Number of infos    :    0 (   0 filtered)

